This is pdfTeX, Version 3.141592653-2.6-1.40.24 (MiKTeX 21.12) (preloaded format=pdflatex 2022.3.10)  10 MAR 2022 19:14
entering extended mode
 restricted \write18 enabled.
 %&-line parsing enabled.
**./main.tex
(main.tex
LaTeX2e <2021-11-15> patch level 1
L3 programming layer <2021-11-22>
(C:\Users\sergi\AppData\Local\Programs\MiKTeX\tex/latex/base\book.cls
Document Class: book 2021/10/04 v1.4n Standard LaTeX document class
(C:\Users\sergi\AppData\Local\Programs\MiKTeX\tex/latex/base\bk12.clo
File: bk12.clo 2021/10/04 v1.4n Standard LaTeX file (size option)
)
\c@part=\count183
\c@chapter=\count184
\c@section=\count185
\c@subsection=\count186
\c@subsubsection=\count187
\c@paragraph=\count188
\c@subparagraph=\count189
\c@figure=\count190
\c@table=\count191
\abovecaptionskip=\skip47
\belowcaptionskip=\skip48
\bibindent=\dimen138
)
(C:\Users\sergi\AppData\Local\Programs\MiKTeX\tex/latex/base\inputenc.sty
Package: inputenc 2021/02/14 v1.3d Input encoding file
\inpenc@prehook=\toks16
\inpenc@posthook=\toks17
)
(C:\Users\sergi\AppData\Local\Programs\MiKTeX\tex/latex/amsmath\amsmath.sty
Package: amsmath 2021/10/15 v2.17l AMS math features
\@mathmargin=\skip49

For additional information on amsmath, use the `?' option.
(C:\Users\sergi\AppData\Local\Programs\MiKTeX\tex/latex/amsmath\amstext.sty
Package: amstext 2021/08/26 v2.01 AMS text

(C:\Users\sergi\AppData\Local\Programs\MiKTeX\tex/latex/amsmath\amsgen.sty
File: amsgen.sty 1999/11/30 v2.0 generic functions
\@emptytoks=\toks18
\ex@=\dimen139
))
(C:\Users\sergi\AppData\Local\Programs\MiKTeX\tex/latex/amsmath\amsbsy.sty
Package: amsbsy 1999/11/29 v1.2d Bold Symbols
\pmbraise@=\dimen140
)
(C:\Users\sergi\AppData\Local\Programs\MiKTeX\tex/latex/amsmath\amsopn.sty
Package: amsopn 2021/08/26 v2.02 operator names
)
\inf@bad=\count192
LaTeX Info: Redefining \frac on input line 234.
\uproot@=\count193
\leftroot@=\count194
LaTeX Info: Redefining \overline on input line 399.
\classnum@=\count195
\DOTSCASE@=\count196
LaTeX Info: Redefining \ldots on input line 496.
LaTeX Info: Redefining \dots on input line 499.
LaTeX Info: Redefining \cdots on input line 620.
\Mathstrutbox@=\box50
\strutbox@=\box51
\big@size=\dimen141
LaTeX Font Info:    Redeclaring font encoding OML on input line 743.
LaTeX Font Info:    Redeclaring font encoding OMS on input line 744.
\macc@depth=\count197
\c@MaxMatrixCols=\count198
\dotsspace@=\muskip16
\c@parentequation=\count199
\dspbrk@lvl=\count266
\tag@help=\toks19
\row@=\count267
\column@=\count268
\maxfields@=\count269
\andhelp@=\toks20
\eqnshift@=\dimen142
\alignsep@=\dimen143
\tagshift@=\dimen144
\tagwidth@=\dimen145
\totwidth@=\dimen146
\lineht@=\dimen147
\@envbody=\toks21
\multlinegap=\skip50
\multlinetaggap=\skip51
\mathdisplay@stack=\toks22
LaTeX Info: Redefining \[ on input line 2938.
LaTeX Info: Redefining \] on input line 2939.
)
(C:\Users\sergi\AppData\Local\Programs\MiKTeX\tex/latex/amsfonts\amssymb.sty
Package: amssymb 2013/01/14 v3.01 AMS font symbols

(C:\Users\sergi\AppData\Local\Programs\MiKTeX\tex/latex/amsfonts\amsfonts.sty
Package: amsfonts 2013/01/14 v3.01 Basic AMSFonts support
\symAMSa=\mathgroup4
\symAMSb=\mathgroup5
LaTeX Font Info:    Redeclaring math symbol \hbar on input line 98.
LaTeX Font Info:    Overwriting math alphabet `\mathfrak' in version `bold'
(Font)                  U/euf/m/n --> U/euf/b/n on input line 106.
)) (C:\Users\sergi\AppData\Local\Programs\MiKTeX\tex/latex/graphics\graphicx.st
y
Package: graphicx 2021/09/16 v1.2d Enhanced LaTeX Graphics (DPC,SPQR)

(C:\Users\sergi\AppData\Local\Programs\MiKTeX\tex/latex/graphics\keyval.sty
Package: keyval 2014/10/28 v1.15 key=value parser (DPC)
\KV@toks@=\toks23
)
(C:\Users\sergi\AppData\Local\Programs\MiKTeX\tex/latex/graphics\graphics.sty
Package: graphics 2021/03/04 v1.4d Standard LaTeX Graphics (DPC,SPQR)

(C:\Users\sergi\AppData\Local\Programs\MiKTeX\tex/latex/graphics\trig.sty
Package: trig 2021/08/11 v1.11 sin cos tan (DPC)
)
(C:\Users\sergi\AppData\Local\Programs\MiKTeX\tex/latex/graphics-cfg\graphics.c
fg
File: graphics.cfg 2016/06/04 v1.11 sample graphics configuration
)
Package graphics Info: Driver file: pdftex.def on input line 107.

(C:\Users\sergi\AppData\Local\Programs\MiKTeX\tex/latex/graphics-def\pdftex.def
File: pdftex.def 2020/10/05 v1.2a Graphics/color driver for pdftex
))
\Gin@req@height=\dimen148
\Gin@req@width=\dimen149
) (C:\Users\sergi\AppData\Local\Programs\MiKTeX\tex/latex/graphics\color.sty
Package: color 2021/10/11 v1.3b Standard LaTeX Color (DPC)

(C:\Users\sergi\AppData\Local\Programs\MiKTeX\tex/latex/graphics-cfg\color.cfg
File: color.cfg 2016/01/02 v1.6 sample color configuration
)
Package color Info: Driver file: pdftex.def on input line 149.
) (C:\Users\sergi\AppData\Local\Programs\MiKTeX\tex/latex/tools\enumerate.sty
Package: enumerate 2015/07/23 v3.00 enumerate extensions (DPC)
\@enLab=\toks24
)
(C:\Users\sergi\AppData\Local\Programs\MiKTeX\tex/latex/float\float.sty
Package: float 2001/11/08 v1.3d Float enhancements (AL)
\c@float@type=\count270
\float@exts=\toks25
\float@box=\box52
\@float@everytoks=\toks26
\@floatcapt=\box53
)
(C:\Users\sergi\AppData\Local\Programs\MiKTeX\tex/latex/capt-of\capt-of.sty
Package: capt-of 2009/12/29 v0.2 standard captions outside of floats
)
(C:\Users\sergi\AppData\Local\Programs\MiKTeX\tex/latex/sidecap\sidecap.sty
Package: sidecap 2003/06/06 v1.6f SideCap Package (RN/HjG)

(C:\Users\sergi\AppData\Local\Programs\MiKTeX\tex/latex/base\ifthen.sty
Package: ifthen 2020/11/24 v1.1c Standard LaTeX ifthen package (DPC)
)
\SC@BOXWD=\dimen150
\SC@CAPWD=\dimen151
\SC@tempdima=\dimen152
\SC@tempdimb=\dimen153
\c@SC@C=\count271
\SC@BOX=\box54
)
(C:\Users\sergi\AppData\Local\Programs\MiKTeX\tex/latex/caption\caption.sty
Package: caption 2022/02/28 v3.6a Customizing captions (AR)

(C:\Users\sergi\AppData\Local\Programs\MiKTeX\tex/latex/caption\caption3.sty
Package: caption3 2022/02/28 v2.3a caption3 kernel (AR)
\caption@tempdima=\dimen154
\captionmargin=\dimen155
\caption@leftmargin=\dimen156
\caption@rightmargin=\dimen157
\caption@width=\dimen158
\caption@indent=\dimen159
\caption@parindent=\dimen160
\caption@hangindent=\dimen161
Package caption Info: Standard document class detected.
)
\c@caption@flags=\count272
\c@continuedfloat=\count273
Package caption Info: float package is loaded.
Package caption Info: sidecap package is loaded.
)
(C:\Users\sergi\AppData\Local\Programs\MiKTeX\tex/latex/commath\commath.sty)
(C:\Users\sergi\AppData\Local\Programs\MiKTeX\tex/latex/cancel\cancel.sty
Package: cancel 2013/04/12 v2.2 Cancel math terms
)
(C:\Users\sergi\AppData\Local\Programs\MiKTeX\tex/latex/anysize\anysize.sty
Package: anysize 1994/08/13 setting margin sizes

document style option `anysize' loaded
Michael Salzenberg, Thomas Esser, Dirk Hillbrecht
Version 1.0, Aug 13, 1994
\@Leftmargin=\dimen162
\@Rightmargin=\dimen163
\@Topmargin=\dimen164
\@Bottommargin=\dimen165
) (C:\Users\sergi\AppData\Local\Programs\MiKTeX\tex/latex/appendix\appendix.sty
Package: appendix 2020/02/08 v1.2c extra appendix facilities
\c@@pps=\count274
\c@@ppsavesec=\count275
\c@@ppsaveapp=\count276
)
(C:\Users\sergi\AppData\Local\Programs\MiKTeX\tex/latex/tocbibind\tocbibind.sty
Package: tocbibind 2010/10/13 v1.5k extra ToC listings
Package tocbibind Info: The document has chapter divisions on input line 50.

Package tocbibind Note: Using chapter style headings, unless overridden.

)
(C:\Users\sergi\AppData\Local\Programs\MiKTeX\tex/latex/anyfontsize\anyfontsize
.sty
Package: anyfontsize 2007/11/22 anyfontsize.sty by pts
)
(C:\Users\sergi\AppData\Local\Programs\MiKTeX\tex/latex/multirow\multirow.sty
Package: multirow 2021/03/15 v2.8 Span multiple rows of a table
\multirow@colwidth=\skip52
\multirow@cntb=\count277
\multirow@dima=\skip53
\bigstrutjot=\dimen166
)
(C:\Users\sergi\AppData\Local\Programs\MiKTeX\tex/latex/glossaries/base\glossar
ies.sty
Package: glossaries 2021/11/01 v4.49 (NLCT)

(C:\Users\sergi\AppData\Local\Programs\MiKTeX\tex/latex/xkeyval\xkeyval.sty
Package: xkeyval 2020/11/20 v2.8 package option processing (HA)

(C:\Users\sergi\AppData\Local\Programs\MiKTeX\tex/generic/xkeyval\xkeyval.tex
(C:\Users\sergi\AppData\Local\Programs\MiKTeX\tex/generic/xkeyval\xkvutils.tex
\XKV@toks=\toks27
\XKV@tempa@toks=\toks28
)
\XKV@depth=\count278
File: xkeyval.tex 2014/12/03 v2.7a key=value parser (HA)
))
(C:\Users\sergi\AppData\Local\Programs\MiKTeX\tex/latex/mfirstuc\mfirstuc.sty
Package: mfirstuc 2021/10/15 v2.07 (NLCT)

(C:\Users\sergi\AppData\Local\Programs\MiKTeX\tex/latex/etoolbox\etoolbox.sty
Package: etoolbox 2020/10/05 v2.5k e-TeX tools for LaTeX (JAW)
\etb@tempcnta=\count279
)
\@glsmfirst=\toks29
\@glsmrest=\toks30
) (C:\Users\sergi\AppData\Local\Programs\MiKTeX\tex/latex/textcase\textcase.sty
Package: textcase 2019/09/14 v1.00 Text only upper/lower case changing (DPC)
) (C:\Users\sergi\AppData\Local\Programs\MiKTeX\tex/latex/xfor\xfor.sty
Package: xfor 2009/02/05 v1.05 (NLCT)
)
(C:\Users\sergi\AppData\Local\Programs\MiKTeX\tex/latex/datatool\datatool-base.
sty
Package: datatool-base 2019/09/27 v2.32 (NLCT)
 (C:\Users\sergi\AppData\Local\Programs\MiKTeX\tex/latex/substr\substr.sty
Package: substr 2009/10/20 v1.2 Handle substrings
\c@su@anzahl=\count280
)
(C:\Users\sergi\AppData\Local\Programs\MiKTeX\tex/latex/datatool\datatool-fp.st
y
Package: datatool-fp 2019/09/27 v2.32 (NLCT)
 (C:\Users\sergi\AppData\Local\Programs\MiKTeX\tex/latex/fp\fp.sty
Package: fp 1995/04/02

`Fixed Point Package', Version 0.8, April 2, 1995 (C) Michael Mehlich
(C:\Users\sergi\AppData\Local\Programs\MiKTeX\tex/latex/fp\defpattern.sty
Package: defpattern 1994/10/12
\actioncount=\count281
)
(C:\Users\sergi\AppData\Local\Programs\MiKTeX\tex/latex/fp\fp-basic.sty
Package: fp-basic 1996/05/13
\FP@xs=\count282
\FP@xia=\count283
\FP@xib=\count284
\FP@xfa=\count285
\FP@xfb=\count286
\FP@rega=\count287
\FP@regb=\count288
\FP@regs=\count289
\FP@times=\count290
)
(C:\Users\sergi\AppData\Local\Programs\MiKTeX\tex/latex/fp\fp-addons.sty
Package: fp-addons 1995/03/15
)
(C:\Users\sergi\AppData\Local\Programs\MiKTeX\tex/latex/fp\fp-snap.sty
Package: fp-snap 1995/04/05
)
(C:\Users\sergi\AppData\Local\Programs\MiKTeX\tex/latex/fp\fp-exp.sty
Package: fp-exp 1995/04/03
)
(C:\Users\sergi\AppData\Local\Programs\MiKTeX\tex/latex/fp\fp-trigo.sty
Package: fp-trigo 1995/04/14
)
(C:\Users\sergi\AppData\Local\Programs\MiKTeX\tex/latex/fp\fp-pas.sty
Package: fp-pas 1994/08/29
)
(C:\Users\sergi\AppData\Local\Programs\MiKTeX\tex/latex/fp\fp-random.sty
Package: fp-random 1995/02/23
\FPseed=\count291
)
(C:\Users\sergi\AppData\Local\Programs\MiKTeX\tex/latex/fp\fp-eqn.sty
Package: fp-eqn 1995/04/03
)
(C:\Users\sergi\AppData\Local\Programs\MiKTeX\tex/latex/fp\fp-upn.sty
Package: fp-upn 1996/10/21
)
(C:\Users\sergi\AppData\Local\Programs\MiKTeX\tex/latex/fp\fp-eval.sty
Package: fp-eval 1995/04/03
)))
\@dtl@toks=\toks31
\@dtl@tmpcount=\count292
\dtl@tmplength=\skip54
\dtl@sortresult=\count293
\@dtl@numgrpsepcount=\count294
\@dtl@datatype=\count295
\dtl@codeA=\count296
\dtl@codeB=\count297
\@dtl@foreach@level=\count298
)
(C:\Users\sergi\AppData\Local\Programs\MiKTeX\tex/latex/glossaries/base\glossar
ies-compatible-307.sty
Package: glossaries-compatible-307 2021/11/01 v4.49 (NLCT)
)
\gls@level=\count299
\@gls@tmpb=\toks32
\gls@tmplen=\skip55
\glskeylisttok=\toks33
\glslabeltok=\toks34
\glsshorttok=\toks35
\glslongtok=\toks36

(C:\Users\sergi\AppData\Local\Programs\MiKTeX\tex/latex/glossaries/styles\gloss
ary-hypernav.sty
Package: glossary-hypernav 2021/11/01 v4.49 (NLCT)
)
(C:\Users\sergi\AppData\Local\Programs\MiKTeX\tex/latex/glossaries/styles\gloss
ary-list.sty
Package: glossary-list 2021/11/01 v4.49 (NLCT)
\glslistdottedwidth=\skip56
)
(C:\Users\sergi\AppData\Local\Programs\MiKTeX\tex/latex/glossaries/styles\gloss
ary-long.sty
Package: glossary-long 2021/11/01 v4.49 (NLCT)

(C:\Users\sergi\AppData\Local\Programs\MiKTeX\tex/latex/tools\longtable.sty
Package: longtable 2021-09-01 v4.17 Multi-page Table package (DPC)
\LTleft=\skip57
\LTright=\skip58
\LTpre=\skip59
\LTpost=\skip60
\LTchunksize=\count300
\LTcapwidth=\dimen167
\LT@head=\box55
\LT@firsthead=\box56
\LT@foot=\box57
\LT@lastfoot=\box58
\LT@gbox=\box59
\LT@cols=\count301
\LT@rows=\count302
\c@LT@tables=\count303
\c@LT@chunks=\count304
\LT@p@ftn=\toks37
)
\glsdescwidth=\skip61
\glspagelistwidth=\skip62
)
(C:\Users\sergi\AppData\Local\Programs\MiKTeX\tex/latex/glossaries/styles\gloss
ary-super.sty
Package: glossary-super 2021/11/01 v4.49 (NLCT)

(C:\Users\sergi\AppData\Local\Programs\MiKTeX\tex/latex/supertabular\supertabul
ar.sty
Package: supertabular 2020/02/02 v4.1g the supertabular environment
\c@tracingst=\count305
\ST@wd=\dimen168
\ST@rightskip=\skip63
\ST@leftskip=\skip64
\ST@parfillskip=\skip65
\ST@pageleft=\dimen169
\ST@headht=\dimen170
\ST@tailht=\dimen171
\ST@pagesofar=\dimen172
\ST@pboxht=\dimen173
\ST@lineht=\dimen174
\ST@prevht=\dimen175
\ST@toadd=\dimen176
\ST@dimen=\dimen177
\ST@pbox=\box60
))
(C:\Users\sergi\AppData\Local\Programs\MiKTeX\tex/latex/glossaries/styles\gloss
ary-tree.sty
Package: glossary-tree 2021/11/01 v4.49 (NLCT)
\glstreeindent=\skip66
))
(C:\Users\sergi\AppData\Local\Programs\MiKTeX\tex/latex/algorithm2e\algorithm2e
.sty
Package: algorithm2e 2017/07/18 v5.2 algorithms environments
\c@AlgoLine=\count306
\algocf@hangindent=\skip67

(C:\Users\sergi\AppData\Local\Programs\MiKTeX\tex/latex/ifoddpage\ifoddpage.sty
Package: ifoddpage 2016/04/23 v1.1 Conditionals for odd/even page detection
\c@checkoddpage=\count307
) (C:\Users\sergi\AppData\Local\Programs\MiKTeX\tex/latex/tools\xspace.sty
Package: xspace 2014/10/28 v1.13 Space after command names (DPC,MH)
)
(C:\Users\sergi\AppData\Local\Programs\MiKTeX\tex/latex/relsize\relsize.sty
Package: relsize 2013/03/29 ver 4.1
)
\skiptotal=\skip68
\skiplinenumber=\skip69
\skiprule=\skip70
\skiphlne=\skip71
\skiptext=\skip72
\skiplength=\skip73
\algomargin=\skip74
\skipalgocfslide=\skip75
\algowidth=\dimen178
\inoutsize=\dimen179
\inoutindent=\dimen180
\interspacetitleruled=\dimen181
\interspacealgoruled=\dimen182
\interspacetitleboxruled=\dimen183
\algocf@ruledwidth=\skip76
\algocf@inoutbox=\box61
\algocf@inputbox=\box62
\AlCapSkip=\skip77
\AlCapHSkip=\skip78
\algoskipindent=\skip79
\algocf@nlbox=\box63
\algocf@hangingbox=\box64
\algocf@untilbox=\box65
\algocf@skipuntil=\skip80
\algocf@capbox=\box66
\algocf@lcaptionbox=\skip81
\algoheightruledefault=\skip82
\algoheightrule=\skip83
\algotitleheightruledefault=\skip84
\algotitleheightrule=\skip85
\c@algocfline=\count308
\c@algocfproc=\count309
\c@algocf=\count310
\algocf@algoframe=\box67
\algocf@algobox=\box68
)
(C:\Users\sergi\AppData\Local\Programs\MiKTeX\tex/latex/changepage\changepage.s
ty
Package: changepage 2009/10/20 v1.0c check page and change page layout
\c@cp@cntr=\count311
\cp@tempcnt=\count312
LaTeX Info: Redefining \checkoddpage on input line 59.
) (C:\Users\sergi\AppData\Local\Programs\MiKTeX\tex/latex/base\alltt.sty
Package: alltt 2021/01/29 v2.0g defines alltt environment
)
(C:\Users\sergi\AppData\Local\Programs\MiKTeX\tex/latex/listings\listings.sty
\lst@mode=\count313
\lst@gtempboxa=\box69
\lst@token=\toks38
\lst@length=\count314
\lst@currlwidth=\dimen184
\lst@column=\count315
\lst@pos=\count316
\lst@lostspace=\dimen185
\lst@width=\dimen186
\lst@newlines=\count317
\lst@lineno=\count318
\lst@maxwidth=\dimen187

(C:\Users\sergi\AppData\Local\Programs\MiKTeX\tex/latex/listings\lstmisc.sty
File: lstmisc.sty 2020/03/24 1.8d (Carsten Heinz)
\c@lstnumber=\count319
\lst@skipnumbers=\count320
\lst@framebox=\box70
)
(C:\Users\sergi\AppData\Local\Programs\MiKTeX\tex/latex/listings\listings.cfg
File: listings.cfg 2020/03/24 1.8d listings configuration
))
Package: listings 2020/03/24 1.8d (Carsten Heinz)
(C:\Users\sergi\AppData\Local\Programs\MiKTeX\tex/latex/lm\lmodern.sty
Package: lmodern 2009/10/30 v1.6 Latin Modern Fonts
LaTeX Font Info:    Overwriting symbol font `operators' in version `normal'
(Font)                  OT1/cmr/m/n --> OT1/lmr/m/n on input line 22.
LaTeX Font Info:    Overwriting symbol font `letters' in version `normal'
(Font)                  OML/cmm/m/it --> OML/lmm/m/it on input line 23.
LaTeX Font Info:    Overwriting symbol font `symbols' in version `normal'
(Font)                  OMS/cmsy/m/n --> OMS/lmsy/m/n on input line 24.
LaTeX Font Info:    Overwriting symbol font `largesymbols' in version `normal'
(Font)                  OMX/cmex/m/n --> OMX/lmex/m/n on input line 25.
LaTeX Font Info:    Overwriting symbol font `operators' in version `bold'
(Font)                  OT1/cmr/bx/n --> OT1/lmr/bx/n on input line 26.
LaTeX Font Info:    Overwriting symbol font `letters' in version `bold'
(Font)                  OML/cmm/b/it --> OML/lmm/b/it on input line 27.
LaTeX Font Info:    Overwriting symbol font `symbols' in version `bold'
(Font)                  OMS/cmsy/b/n --> OMS/lmsy/b/n on input line 28.
LaTeX Font Info:    Overwriting symbol font `largesymbols' in version `bold'
(Font)                  OMX/cmex/m/n --> OMX/lmex/m/n on input line 29.
LaTeX Font Info:    Overwriting math alphabet `\mathbf' in version `normal'
(Font)                  OT1/cmr/bx/n --> OT1/lmr/bx/n on input line 31.
LaTeX Font Info:    Overwriting math alphabet `\mathsf' in version `normal'
(Font)                  OT1/cmss/m/n --> OT1/lmss/m/n on input line 32.
LaTeX Font Info:    Overwriting math alphabet `\mathit' in version `normal'
(Font)                  OT1/cmr/m/it --> OT1/lmr/m/it on input line 33.
LaTeX Font Info:    Overwriting math alphabet `\mathtt' in version `normal'
(Font)                  OT1/cmtt/m/n --> OT1/lmtt/m/n on input line 34.
LaTeX Font Info:    Overwriting math alphabet `\mathbf' in version `bold'
(Font)                  OT1/cmr/bx/n --> OT1/lmr/bx/n on input line 35.
LaTeX Font Info:    Overwriting math alphabet `\mathsf' in version `bold'
(Font)                  OT1/cmss/bx/n --> OT1/lmss/bx/n on input line 36.
LaTeX Font Info:    Overwriting math alphabet `\mathit' in version `bold'
(Font)                  OT1/cmr/bx/it --> OT1/lmr/bx/it on input line 37.
LaTeX Font Info:    Overwriting math alphabet `\mathtt' in version `bold'
(Font)                  OT1/cmtt/m/n --> OT1/lmtt/m/n on input line 38.
)
(C:\Users\sergi\AppData\Local\Programs\MiKTeX\tex/latex/was\gensymb.sty
Package: gensymb 2003/07/02 v1.0 (WaS)
)
(C:\Users\sergi\AppData\Local\Programs\MiKTeX\tex/latex/caption\subcaption.sty
Package: subcaption 2022/01/07 v1.5 Sub-captions (AR)
\c@subfigure=\count321
\c@subtable=\count322
) (C:\Users\sergi\AppData\Local\Programs\MiKTeX\tex/latex/hyperref\hyperref.sty
Package: hyperref 2021-06-07 v7.00m Hypertext links for LaTeX

(C:\Users\sergi\AppData\Local\Programs\MiKTeX\tex/generic/ltxcmds\ltxcmds.sty
Package: ltxcmds 2020-05-10 v1.25 LaTeX kernel commands for general use (HO)
)
(C:\Users\sergi\AppData\Local\Programs\MiKTeX\tex/generic/iftex\iftex.sty
Package: iftex 2020/03/06 v1.0d TeX engine tests
)
(C:\Users\sergi\AppData\Local\Programs\MiKTeX\tex/generic/pdftexcmds\pdftexcmds
.sty
Package: pdftexcmds 2020-06-27 v0.33 Utility functions of pdfTeX for LuaTeX (HO
)

(C:\Users\sergi\AppData\Local\Programs\MiKTeX\tex/generic/infwarerr\infwarerr.s
ty
Package: infwarerr 2019/12/03 v1.5 Providing info/warning/error messages (HO)
)
Package pdftexcmds Info: \pdf@primitive is available.
Package pdftexcmds Info: \pdf@ifprimitive is available.
Package pdftexcmds Info: \pdfdraftmode found.
)
(C:\Users\sergi\AppData\Local\Programs\MiKTeX\tex/generic/kvsetkeys\kvsetkeys.s
ty
Package: kvsetkeys 2019/12/15 v1.18 Key value parser (HO)
)
(C:\Users\sergi\AppData\Local\Programs\MiKTeX\tex/generic/kvdefinekeys\kvdefine
keys.sty
Package: kvdefinekeys 2019-12-19 v1.6 Define keys (HO)
)
(C:\Users\sergi\AppData\Local\Programs\MiKTeX\tex/generic/pdfescape\pdfescape.s
ty
Package: pdfescape 2019/12/09 v1.15 Implements pdfTeX's escape features (HO)
) (C:\Users\sergi\AppData\Local\Programs\MiKTeX\tex/latex/hycolor\hycolor.sty
Package: hycolor 2020-01-27 v1.10 Color options for hyperref/bookmark (HO)
)
(C:\Users\sergi\AppData\Local\Programs\MiKTeX\tex/latex/letltxmacro\letltxmacro
.sty
Package: letltxmacro 2019/12/03 v1.6 Let assignment for LaTeX macros (HO)
)
(C:\Users\sergi\AppData\Local\Programs\MiKTeX\tex/latex/auxhook\auxhook.sty
Package: auxhook 2019-12-17 v1.6 Hooks for auxiliary files (HO)
)
(C:\Users\sergi\AppData\Local\Programs\MiKTeX\tex/latex/kvoptions\kvoptions.sty
Package: kvoptions 2020-10-07 v3.14 Key value format for package options (HO)
)
\@linkdim=\dimen188
\Hy@linkcounter=\count323
\Hy@pagecounter=\count324
 (C:\Users\sergi\AppData\Local\Programs\MiKTeX\tex/latex/hyperref\pd1enc.def
File: pd1enc.def 2021-06-07 v7.00m Hyperref: PDFDocEncoding definition (HO)
Now handling font encoding PD1 ...
... no UTF-8 mapping file for font encoding PD1
)
(C:\Users\sergi\AppData\Local\Programs\MiKTeX\tex/latex/hyperref\hyperref-langp
atches.def
File: hyperref-langpatches.def 2021-06-07 v7.00m Hyperref: patches for babel la
nguages
)
(C:\Users\sergi\AppData\Local\Programs\MiKTeX\tex/generic/intcalc\intcalc.sty
Package: intcalc 2019/12/15 v1.3 Expandable calculations with integers (HO)
)
(C:\Users\sergi\AppData\Local\Programs\MiKTeX\tex/generic/etexcmds\etexcmds.sty
Package: etexcmds 2019/12/15 v1.7 Avoid name clashes with e-TeX commands (HO)
)
\Hy@SavedSpaceFactor=\count325
 (C:\Users\sergi\AppData\Local\Programs\MiKTeX\tex/latex/hyperref\puenc.def
File: puenc.def 2021-06-07 v7.00m Hyperref: PDF Unicode definition (HO)
Now handling font encoding PU ...
... no UTF-8 mapping file for font encoding PU
)
Package hyperref Info: Hyper figures OFF on input line 4192.
Package hyperref Info: Link nesting OFF on input line 4197.
Package hyperref Info: Hyper index ON on input line 4200.
Package hyperref Info: Plain pages OFF on input line 4207.
Package hyperref Info: Backreferencing OFF on input line 4212.
Package hyperref Info: Implicit mode ON; LaTeX internals redefined.
Package hyperref Info: Bookmarks ON on input line 4445.
\c@Hy@tempcnt=\count326

(C:\Users\sergi\AppData\Local\Programs\MiKTeX\tex/latex/url\url.sty
\Urlmuskip=\muskip17
Package: url 2013/09/16  ver 3.4  Verb mode for urls, etc.
)
LaTeX Info: Redefining \url on input line 4804.
\XeTeXLinkMargin=\dimen189

(C:\Users\sergi\AppData\Local\Programs\MiKTeX\tex/generic/bitset\bitset.sty
Package: bitset 2019/12/09 v1.3 Handle bit-vector datatype (HO)

(C:\Users\sergi\AppData\Local\Programs\MiKTeX\tex/generic/bigintcalc\bigintcalc
.sty
Package: bigintcalc 2019/12/15 v1.5 Expandable calculations on big integers (HO
)
))
\Fld@menulength=\count327
\Field@Width=\dimen190
\Fld@charsize=\dimen191
Package hyperref Info: Hyper figures OFF on input line 6076.
Package hyperref Info: Link nesting OFF on input line 6081.
Package hyperref Info: Hyper index ON on input line 6084.
Package hyperref Info: backreferencing OFF on input line 6091.
Package hyperref Info: Link coloring OFF on input line 6096.
Package hyperref Info: Link coloring with OCG OFF on input line 6101.
Package hyperref Info: PDF/A mode OFF on input line 6106.
LaTeX Info: Redefining \ref on input line 6146.
LaTeX Info: Redefining \pageref on input line 6150.

(C:\Users\sergi\AppData\Local\Programs\MiKTeX\tex/latex/base\atbegshi-ltx.sty
Package: atbegshi-ltx 2021/01/10 v1.0c Emulation of the original atbegshi
package with kernel methods
)
\Hy@abspage=\count328
\c@Item=\count329
\c@Hfootnote=\count330
)
Package hyperref Info: Driver (autodetected): hpdftex.
(C:\Users\sergi\AppData\Local\Programs\MiKTeX\tex/latex/hyperref\hpdftex.def
File: hpdftex.def 2021-06-07 v7.00m Hyperref driver for pdfTeX

(C:\Users\sergi\AppData\Local\Programs\MiKTeX\tex/latex/base\atveryend-ltx.sty
Package: atveryend-ltx 2020/08/19 v1.0a Emulation of the original atveryend pac
kage
with kernel methods
)
\Fld@listcount=\count331
\c@bookmark@seq@number=\count332

(C:\Users\sergi\AppData\Local\Programs\MiKTeX\tex/latex/rerunfilecheck\rerunfil
echeck.sty
Package: rerunfilecheck 2019/12/05 v1.9 Rerun checks for auxiliary files (HO)

(C:\Users\sergi\AppData\Local\Programs\MiKTeX\tex/generic/uniquecounter\uniquec
ounter.sty
Package: uniquecounter 2019/12/15 v1.4 Provide unlimited unique counter (HO)
)
Package uniquecounter Info: New unique counter `rerunfilecheck' on input line 2
86.
)
\Hy@SectionHShift=\skip86
)
Package hyperref Info: Option `colorlinks' set `true' on input line 48.

(C:\Users\sergi\AppData\Local\Programs\MiKTeX\tex/latex/setspace\setspace.sty
Package: setspace 2011/12/19 v6.7a set line spacing
)
(C:\Users\sergi\AppData\Local\Programs\MiKTeX\tex/latex/listings\lstlang1.sty
File: lstlang1.sty 2020/03/24 1.8d listings language file
)
(C:\Users\sergi\AppData\Local\Programs\MiKTeX\tex/latex/listings\lstmisc.sty
File: lstmisc.sty 2020/03/24 1.8d (Carsten Heinz)
)
Package color Info: Redefining color red on input line 55.
Package color Info: Redefining color blue on input line 56.
Package color Info: Redefining color green on input line 57.
Package color Info: Redefining color cyan on input line 58.
\c@theorem=\count333
\c@corollary=\count334
\c@lemma=\count335
\c@proposition=\count336
\c@conjecture=\count337
\c@definition=\count338
\c@remark=\count339
\c@example=\count340

(C:\Users\sergi\AppData\Local\Programs\MiKTeX\tex/latex/fancyhdr\fancyhdr.sty
Package: fancyhdr 2021/01/28 v4.0.1 Extensive control of page headers and foote
rs
\f@nch@headwidth=\skip87
\f@nch@O@elh=\skip88
\f@nch@O@erh=\skip89
\f@nch@O@olh=\skip90
\f@nch@O@orh=\skip91
\f@nch@O@elf=\skip92
\f@nch@O@erf=\skip93
\f@nch@O@olf=\skip94
\f@nch@O@orf=\skip95
)
(C:\Users\sergi\AppData\Local\Programs\MiKTeX\tex/generic/babel\babel.sty
Package: babel 2021/11/29 3.67 The Babel package
\babel@savecnt=\count341
\U@D=\dimen192
\l@unhyphenated=\language79

(C:\Users\sergi\AppData\Local\Programs\MiKTeX\tex/generic/babel\txtbabel.def)
\bbl@readstream=\read2
\bbl@dirlevel=\count342

*************************************
* Local config file bblopts.cfg used
*
(C:\Users\sergi\AppData\Local\Programs\MiKTeX\tex/latex/arabi\bblopts.cfg
File: bblopts.cfg 2005/09/08 v0.1 add Arabic and Farsi to "declared" options of
 babel
)
(C:\Users\sergi\AppData\Local\Programs\MiKTeX\tex/latex/babel-spanish\spanish.l
df
Language: spanish.ldf 2021/05/27 v5.0q Spanish support from the babel system
\es@quottoks=\toks39
\es@quotdepth=\count343
Package babel Info: Making " an active character on input line 570.
Package babel Info: Making . an active character on input line 675.
Package babel Info: Making < an active character on input line 722.
Package babel Info: Making > an active character on input line 722.
)) (chapters/glosaries.tex)
LaTeX Font Info:    Trying to load font information for OT1+lmr on input line 1
72.

(C:\Users\sergi\AppData\Local\Programs\MiKTeX\tex/latex/lm\ot1lmr.fd
File: ot1lmr.fd 2009/10/30 v1.6 Font defs for Latin Modern
)
(C:\Users\sergi\AppData\Local\Programs\MiKTeX\tex/latex/l3backend\l3backend-pdf
tex.def
File: l3backend-pdftex.def 2021-10-18 L3 backend support: PDF output (pdfTeX)
\l__color_backend_stack_int=\count344
\l__pdf_internal_box=\box71
) (main.aux
LaTeX Info: Redefining \. on input line 28.
LaTeX Info: Redefining \% on input line 28.
)
\openout1 = `main.aux'.

LaTeX Font Info:    Checking defaults for OML/cmm/m/it on input line 172.
LaTeX Font Info:    ... okay on input line 172.
LaTeX Font Info:    Checking defaults for OMS/cmsy/m/n on input line 172.
LaTeX Font Info:    ... okay on input line 172.
LaTeX Font Info:    Checking defaults for OT1/cmr/m/n on input line 172.
LaTeX Font Info:    ... okay on input line 172.
LaTeX Font Info:    Checking defaults for T1/cmr/m/n on input line 172.
LaTeX Font Info:    ... okay on input line 172.
LaTeX Font Info:    Checking defaults for TS1/cmr/m/n on input line 172.
LaTeX Font Info:    ... okay on input line 172.
LaTeX Font Info:    Checking defaults for OMX/cmex/m/n on input line 172.
LaTeX Font Info:    ... okay on input line 172.
LaTeX Font Info:    Checking defaults for U/cmr/m/n on input line 172.
LaTeX Font Info:    ... okay on input line 172.
LaTeX Font Info:    Checking defaults for PD1/pdf/m/n on input line 172.
LaTeX Font Info:    ... okay on input line 172.
LaTeX Font Info:    Checking defaults for PU/pdf/m/n on input line 172.
LaTeX Font Info:    ... okay on input line 172.

(C:\Users\sergi\AppData\Local\Programs\MiKTeX\tex/context/base/mkii\supp-pdf.mk
ii
[Loading MPS to PDF converter (version 2006.09.02).]
\scratchcounter=\count345
\scratchdimen=\dimen193
\scratchbox=\box72
\nofMPsegments=\count346
\nofMParguments=\count347
\everyMPshowfont=\toks40
\MPscratchCnt=\count348
\MPscratchDim=\dimen194
\MPnumerator=\count349
\makeMPintoPDFobject=\count350
\everyMPtoPDFconversion=\toks41
)
(C:\Users\sergi\AppData\Local\Programs\MiKTeX\tex/latex/epstopdf-pkg\epstopdf-b
ase.sty
Package: epstopdf-base 2020-01-24 v2.11 Base part for package epstopdf

(C:\Users\sergi\AppData\Local\Programs\MiKTeX\tex/latex/grfext\grfext.sty
Package: grfext 2019/12/03 v1.3 Manage graphics extensions (HO)
)
Package epstopdf-base Info: Redefining graphics rule for `.eps' on input line 4
85.
Package grfext Info: Graphics extension search list:
(grfext)             [.pdf,.png,.jpg,.mps,.jpeg,.jbig2,.jb2,.PDF,.PNG,.JPG,.JPE
G,.JBIG2,.JB2,.eps]
(grfext)             \AppendGraphicsExtensions on input line 504.

(C:\Users\sergi\AppData\Local\Programs\MiKTeX\tex/latex/00miktex\epstopdf-sys.c
fg
File: epstopdf-sys.cfg 2021/03/18 v2.0 Configuration of epstopdf for MiKTeX
))
(C:\Users\sergi\AppData\Local\Programs\MiKTeX\tex/latex/ragged2e\ragged2e.sty
Package: ragged2e 2021/02/05 v3.0 ragged2e Package
\CenteringLeftskip=\skip96
\RaggedLeftLeftskip=\skip97
\RaggedRightLeftskip=\skip98
\CenteringRightskip=\skip99
\RaggedLeftRightskip=\skip100
\RaggedRightRightskip=\skip101
\CenteringParfillskip=\skip102
\RaggedLeftParfillskip=\skip103
\RaggedRightParfillskip=\skip104
\JustifyingParfillskip=\skip105
\CenteringParindent=\skip106
\RaggedLeftParindent=\skip107
\RaggedRightParindent=\skip108
\JustifyingParindent=\skip109
)
Package caption Info: Begin \AtBeginDocument code.
Package caption Info: changepage package is loaded.
\caption@adjustwidth@hsize=\dimen195
\caption@adjustwidth@linewidth=\dimen196
Package caption Info: hyperref package is loaded.
Package caption Info: listings package is loaded.
Package caption Info: longtable package is loaded.

(C:\Users\sergi\AppData\Local\Programs\MiKTeX\tex/latex/caption\ltcaption.sty
Package: ltcaption 2021/01/08 v1.4c longtable captions (AR)
)
Package caption Info: supertabular package is loaded.
Package caption Info: End \AtBeginDocument code.
\c@lstlisting=\count351
LaTeX Info: Redefining \celsius on input line 172.
Package gensymb Info: Faking symbols for \degree and \celsius on input line 172
.


Package gensymb Warning: Not defining \perthousand.

LaTeX Info: Redefining \ohm on input line 172.
Package gensymb Info: Using \Omega for \ohm on input line 172.

Package gensymb Warning: Not defining \micro.

Package hyperref Info: Link coloring ON on input line 172.
(C:\Users\sergi\AppData\Local\Programs\MiKTeX\tex/latex/hyperref\nameref.sty
Package: nameref 2021-04-02 v2.47 Cross-referencing by name of section

(C:\Users\sergi\AppData\Local\Programs\MiKTeX\tex/latex/refcount\refcount.sty
Package: refcount 2019/12/15 v3.6 Data extraction from label references (HO)
)
(C:\Users\sergi\AppData\Local\Programs\MiKTeX\tex/generic/gettitlestring\gettit
lestring.sty
Package: gettitlestring 2019/12/15 v1.6 Cleanup title references (HO)
)
\c@section@level=\count352
)
LaTeX Info: Redefining \ref on input line 172.
LaTeX Info: Redefining \pageref on input line 172.
LaTeX Info: Redefining \nameref on input line 172.
 (main.out) (main.out)
\@outlinefile=\write3
\openout3 = `main.out'.

LaTeX Info: Redefining \. on input line 172.
LaTeX Info: Redefining \% on input line 172.
 [1

{C:/Users/sergi/AppData/Local/MiKTeX/fonts/map/pdftex/pdftex.map}]
pdfTeX warning (ext4): destination with the same identifier (name{page.}) has b
een already used, duplicate ignored
<to be read again> 
                   \relax 
l.206 \frontmatter
                   [2

] (main.toc
LaTeX Info: Redefining \. on input line 1.
LaTeX Info: Redefining \% on input line 1.


LaTeX Font Warning: Font shape `OT1/lmr/bx/sc' undefined
(Font)              using `OT1/lmr/bx/n' instead on input line 2.


Package spanish Warning: Replacing `OT1/lmr/bx/sc' by 
(spanish)                faked small caps on input line 2.

LaTeX Font Info:    Trying to load font information for OML+lmm on input line 4
.
(C:\Users\sergi\AppData\Local\Programs\MiKTeX\tex/latex/lm\omllmm.fd
File: omllmm.fd 2009/10/30 v1.6 Font defs for Latin Modern
)
LaTeX Font Info:    Trying to load font information for OMS+lmsy on input line 
4.

(C:\Users\sergi\AppData\Local\Programs\MiKTeX\tex/latex/lm\omslmsy.fd
File: omslmsy.fd 2009/10/30 v1.6 Font defs for Latin Modern
)
LaTeX Font Info:    Trying to load font information for OMX+lmex on input line 
4.

(C:\Users\sergi\AppData\Local\Programs\MiKTeX\tex/latex/lm\omxlmex.fd
File: omxlmex.fd 2009/10/30 v1.6 Font defs for Latin Modern
)
LaTeX Font Info:    External font `lmex10' loaded for size
(Font)              <12> on input line 4.
LaTeX Font Info:    External font `lmex10' loaded for size
(Font)              <8> on input line 4.
LaTeX Font Info:    External font `lmex10' loaded for size
(Font)              <6> on input line 4.
LaTeX Font Info:    Trying to load font information for U+msa on input line 4.

(C:\Users\sergi\AppData\Local\Programs\MiKTeX\tex/latex/amsfonts\umsa.fd
File: umsa.fd 2013/01/14 v3.01 AMS symbols A
)
LaTeX Font Info:    Trying to load font information for U+msb on input line 4.

(C:\Users\sergi\AppData\Local\Programs\MiKTeX\tex/latex/amsfonts\umsb.fd
File: umsb.fd 2013/01/14 v3.01 AMS symbols B
))
\tf@toc=\write4
\openout4 = `main.toc'.


[1

] [2

]
Cap\'{\i }tulo 1.
(chapters/introduction.tex [1

] [2]) [3] (main.bbl [4

]) [5]

Package caption Warning: Unused \captionsetup[lstlisting] on input line 109.
See the caption package documentation for explanation.

(main.aux
LaTeX Info: Redefining \. on input line 28.
LaTeX Info: Redefining \% on input line 28.
)

LaTeX Font Warning: Some font shapes were not available, defaults substituted.


Package rerunfilecheck Warning: File `main.out' has changed.
(rerunfilecheck)                Rerun to get outlines right
(rerunfilecheck)                or use package `bookmark'.

Package rerunfilecheck Info: Checksums for `main.out':
(rerunfilecheck)             Before: F066A6C2A8B796B401AAA20A3DBCFA6D;1822
(rerunfilecheck)             After:  1AE4F6FDFB6F146345405F235A91B581;1943.
 ) 
Here is how much of TeX's memory you used:
 20422 strings out of 478659
 341363 string characters out of 2845920
 828797 words of memory out of 3000000
 38106 multiletter control sequences out of 15000+600000
 467210 words of font info for 61 fonts, out of 8000000 for 9000
 1141 hyphenation exceptions out of 8191
 91i,12n,91p,1167b,420s stack positions out of 5000i,500n,10000p,200000b,80000s

pdfTeX warning (dest): name{section.Alph0.1} has been referenced but does not e
xist, replaced by a fixed one


pdfTeX warning (dest): name{section*.4} has been referenced but does not exist,
 replaced by a fixed one

{C:/Users/sergi/AppData/Local/Programs/MiKTeX/fonts/enc/dvips/lm/lm-rm.enc}{C:/
Users/sergi/AppData/Local/Programs/MiKTeX/fonts/enc/dvips/lm/lm-rmsc.enc}<C:/Us
ers/sergi/AppData/Local/Programs/MiKTeX/fonts/type1/public/lm/lmbx12.pfb><C:/Us
ers/sergi/AppData/Local/Programs/MiKTeX/fonts/type1/public/lm/lmbx8.pfb><C:/Use
rs/sergi/AppData/Local/Programs/MiKTeX/fonts/type1/public/lm/lmcsc10.pfb><C:/Us
ers/sergi/AppData/Local/Programs/MiKTeX/fonts/type1/public/lm/lmr10.pfb><C:/Use
rs/sergi/AppData/Local/Programs/MiKTeX/fonts/type1/public/lm/lmr12.pfb><C:/User
s/sergi/AppData/Local/Programs/MiKTeX/fonts/type1/public/lm/lmr17.pfb><C:/Users
/sergi/AppData/Local/Programs/MiKTeX/fonts/type1/public/lm/lmri12.pfb>
Output written on main.pdf (9 pages, 195443 bytes).
PDF statistics:
 160 PDF objects out of 1000 (max. 8388607)
 36 named destinations out of 1000 (max. 500000)
 73 words of extra memory for PDF output out of 10000 (max. 10000000)

